
/Users/apple/Documents/Github/meteoris-admin/bundle/programs/server/node_modules/fibers/future.js:245
						throw(ex);
						      ^
TypeError: Object [object Object] has no method 'npmRequire'
    at FlowRouter.group.prefix (packages/meteoris_theme-admin/lib/collections/Products.js:25:1)
    at /Users/apple/Documents/Github/meteoris-admin/bundle/programs/server/packages/meteoris_theme-admin.js:207:4
    at /Users/apple/Documents/Github/meteoris-admin/bundle/programs/server/packages/meteoris_theme-admin.js:2176:3
    at /Users/apple/Documents/Github/meteoris-admin/bundle/programs/server/boot.js:242:10
    at Array.forEach (native)
    at Function._.each._.forEach (/Users/apple/Documents/Github/meteoris-admin/bundle/programs/server/node_modules/underscore/underscore.js:79:11)
    at /Users/apple/Documents/Github/meteoris-admin/bundle/programs/server/boot.js:137:5

/Users/apple/Documents/Github/meteoris-admin/bundle/programs/server/node_modules/fibers/future.js:245
						throw(ex);
						      ^
TypeError: Object [object Object] has no method 'npmRequire'
    at FlowRouter.group.prefix (packages/meteoris_theme-admin/lib/collections/Products.js:25:1)
    at /Users/apple/Documents/Github/meteoris-admin/bundle/programs/server/packages/meteoris_theme-admin.js:207:4
    at /Users/apple/Documents/Github/meteoris-admin/bundle/programs/server/packages/meteoris_theme-admin.js:2176:3
    at /Users/apple/Documents/Github/meteoris-admin/bundle/programs/server/boot.js:242:10
    at Array.forEach (native)
    at Function._.each._.forEach (/Users/apple/Documents/Github/meteoris-admin/bundle/programs/server/node_modules/underscore/underscore.js:79:11)
    at /Users/apple/Documents/Github/meteoris-admin/bundle/programs/server/boot.js:137:5
